<?xml version="1.0" encoding="UTF-8"?>
<testsuite xmlns:xsi="http://www.w3.org/2001/XMLSchema-instance" xsi:schemaLocation="https://maven.apache.org/surefire/maven-surefire-plugin/xsd/surefire-test-report.xsd" name="MULE_EE.4.3.0.mule-cicd-demo-app1-suite" time="7.566" failures="0" errors="0" skipped="1" tests="2">
  <properties>
[...]
</properties>
  <testcase time="0.0" name="failure-test" classname="MULE_EE.4.3.0.mule-cicd-demo-app1-suite">
    <skipped/>
  </testcase>
  <testcase time="3.677" name="success-test" classname="MULE_EE.4.3.0.mule-cicd-demo-app1-suite"/>
</testsuite>